<?xml version="1.0" encoding="UTF-8"?>
<!-- Generated by org.testng.reporters.JUnitReportReporter -->
<testsuite hostname="DESKTOP-N0KKL74" failures="0" tests="2" name="com.crm.comcast.contact.ContactTest" time="0.010" errors="0" timestamp="2022-01-26T13:44:42 IST" skipped="0">
  <testcase classname="com.crm.comcast.contact.ContactTest" name="createContact" time="0.009"/>
  <system-out/>
  <testcase classname="com.crm.comcast.contact.ContactTest" name="modifyContact" time="0.001"/>
  <system-out/>
</testsuite> <!-- com.crm.comcast.contact.ContactTest -->
